0 info it worked if it ends with ok
1 verbose cli [ 'C:\\Program Files\\nodejs\\node.exe',
1 verbose cli   'C:\\Program Files\\nodejs\\node_modules\\npm\\bin\\npm-cli.js',
1 verbose cli   'start' ]
2 info using npm@3.10.10
3 info using node@v6.11.4
4 verbose run-script [ 'prestart', 'start', 'poststart' ]
5 info lifecycle gitview@1.0.0~prestart: gitview@1.0.0
6 silly lifecycle gitview@1.0.0~prestart: no script for prestart, continuing
7 info lifecycle gitview@1.0.0~start: gitview@1.0.0
8 verbose lifecycle gitview@1.0.0~start: unsafe-perm in lifecycle true
9 verbose lifecycle gitview@1.0.0~start: PATH: C:\Program Files\nodejs\node_modules\npm\bin\node-gyp-bin;C:\Users\user\Google Drive\School\Classwork\Fall2017\IGME330\project3\node_modules\.bin;C:\Program Files (x86)\Common Files\Intel\Shared Libraries\redist\ia32\mpirt;C:\Program Files (x86)\Common Files\Intel\Shared Libraries\redist\ia32\compiler;C:\ProgramData\Oracle\Java\javapath;C:\Windows\system32;C:\Windows;C:\Windows\System32\Wbem;C:\Windows\System32\WindowsPowerShell\v1.0\;C:\Program Files (x86)\Windows Kits\8.1\Windows Performance Toolkit\;C:\Program Files\Microsoft SQL Server\110\Tools\Binn\;C:\Program Files (x86)\Microsoft SDKs\TypeScript\1.0\;C:\WINDOWS\system32;C:\WINDOWS;C:\WINDOWS\System32\Wbem;C:\WINDOWS\System32\WindowsPowerShell\v1.0\;C:\Program Files (x86)\Heroku\bin;C:\Program Files (x86)\git\cmd;C:\Users\user\.dnx\bin;C:\Program Files\Microsoft DNX\Dnvm\;C:\Program Files\Microsoft SQL Server\120\Tools\Binn\;C:\Program Files (x86)\NVIDIA Corporation\PhysX\Common;C:\Program Files (x86)\MiKTeX 2.9\miktex\bin\;C:\Program Files (x86)\GtkSharp\2.12\bin;C:\WINDOWS\system32;C:\WINDOWS;C:\WINDOWS\System32\Wbem;C:\WINDOWS\System32\WindowsPowerShell\v1.0\;C:\Program Files\MATLAB\R2017b\bin;C:\Program Files\nodejs\;C:\Ruby200-x64\bin;C:\Users\user\AppData\Local\Microsoft\WindowsApps;C:\Users\user\AppData\Local\Microsoft\WindowsApps;;c:\program files (x86)\steam;C:\Users\user\AppData\Roaming\npm;C:\Users\user\AppData\Local\Programs\Python\Python36
10 verbose lifecycle gitview@1.0.0~start: CWD: C:\Users\user\Google Drive\School\Classwork\Fall2017\IGME330\project3
11 silly lifecycle gitview@1.0.0~start: Args: [ '/d /s /c', 'node ./src/server.js' ]
12 silly lifecycle gitview@1.0.0~start: Returned: code: 1  signal: null
13 info lifecycle gitview@1.0.0~start: Failed to exec start script
14 verbose stack Error: gitview@1.0.0 start: `node ./src/server.js`
14 verbose stack Exit status 1
14 verbose stack     at EventEmitter.<anonymous> (C:\Program Files\nodejs\node_modules\npm\lib\utils\lifecycle.js:255:16)
14 verbose stack     at emitTwo (events.js:106:13)
14 verbose stack     at EventEmitter.emit (events.js:191:7)
14 verbose stack     at ChildProcess.<anonymous> (C:\Program Files\nodejs\node_modules\npm\lib\utils\spawn.js:40:14)
14 verbose stack     at emitTwo (events.js:106:13)
14 verbose stack     at ChildProcess.emit (events.js:191:7)
14 verbose stack     at maybeClose (internal/child_process.js:920:16)
14 verbose stack     at Process.ChildProcess._handle.onexit (internal/child_process.js:230:5)
15 verbose pkgid gitview@1.0.0
16 verbose cwd C:\Users\user\Google Drive\School\Classwork\Fall2017\IGME330\project3
17 error Windows_NT 10.0.15063
18 error argv "C:\\Program Files\\nodejs\\node.exe" "C:\\Program Files\\nodejs\\node_modules\\npm\\bin\\npm-cli.js" "start"
19 error node v6.11.4
20 error npm  v3.10.10
21 error code ELIFECYCLE
22 error gitview@1.0.0 start: `node ./src/server.js`
22 error Exit status 1
23 error Failed at the gitview@1.0.0 start script 'node ./src/server.js'.
23 error Make sure you have the latest version of node.js and npm installed.
23 error If you do, this is most likely a problem with the gitview package,
23 error not with npm itself.
23 error Tell the author that this fails on your system:
23 error     node ./src/server.js
23 error You can get information on how to open an issue for this project with:
23 error     npm bugs gitview
23 error Or if that isn't available, you can get their info via:
23 error     npm owner ls gitview
23 error There is likely additional logging output above.
24 verbose exit [ 1, true ]
